<?xml version="1.0" encoding="UTF-8"?>
<!-- Generated by org.testng.reporters.JUnitReportReporter -->
<testsuite hostname="saurabhkumar14" failures="0" tests="1" name="TestFile.busOperatorTest" time="8.016" errors="0" timestamp="2021-02-11T17:01:43 IST" skipped="0">
  <testcase classname="TestFile.busOperatorTest" name="findAllBusOperators" time="8.016"/>
  <system-out/>
</testsuite> <!-- TestFile.busOperatorTest -->
