<?xml version="1.0" encoding="UTF-8"?>
<!-- Generated by org.testng.reporters.JUnitReportReporter -->
<testsuite hostname="saurabhkumar14" failures="0" tests="1" name="TestFile.SignIn_Test" time="48.993" errors="0" timestamp="2021-02-11T17:28:36 IST" skipped="0">
  <testcase classname="TestFile.SignIn_Test" name="ValidSignIn" time="48.993"/>
  <system-out/>
</testsuite> <!-- TestFile.SignIn_Test -->
