<?xml version="1.0" encoding="UTF-8"?>
<!-- Generated by org.testng.reporters.JUnitReportReporter -->
<testsuite hostname="saurabhkumar14" failures="0" tests="1" name="TestFile.showMyTicketTest" time="18.398" errors="0" timestamp="2021-02-11T15:41:01 IST" skipped="0">
  <testcase classname="TestFile.showMyTicketTest" name="showMyTicket" time="18.398"/>
  <system-out/>
</testsuite> <!-- TestFile.showMyTicketTest -->
